[D.L~N~R]
No GPS Fixed Signal available
C02 Readings: 1077 PPM
PM Readings: 10 PPM
Temperature Readings: 32 C
Humidity Reading: 15 % 

[D.L~N~R]
No GPS Fixed Signal available
C02 Readings: 627 PPM
PM Readings: 10 PPM
Temperature Readings: 32 C
Humidity Reading: 15 % 

[D.L~N~R]
No GPS Fixed Signal available
C02 Readings: 1129 PPM
PM Readings: 10 PPM
Temperature Readings: 32 C
Humidity Reading: 15 % 

[D.L~N~R]
No GPS Fixed Signal available
C02 Readings: 544 PPM
PM Readings: 10 PPM
Temperature Readings: 32 C
Humidity Reading: 15 % 

[D.L~N~R]
No GPS Fixed Signal available
C02 Readings: 1152 PPM
PM Readings: 10 PPM
Temperature Readings: 32 C
Humidity Reading: 15 % 

[D.L~N~R]
No GPS Fixed Signal available
C02 Readings: 566 PPM
PM Readings: 10 PPM
Temperature Readings: 32 C
Humidity Reading: 15 % 

[D.L~N~R]
No GPS Fixed Signal available
C02 Readings: 1190 PPM
PM Readings: 10 PPM
Temperature Readings: 32 C
Humidity Reading: 15 % 

[D.L~N~R]
No GPS Fixed Signal available
C02 Readings: 572 PPM
PM Readings: 10 PPM
Temperature Readings: 32 C
Humidity Reading: 15 % 

[D.L~N~R]
No GPS Fixed Signal available
C02 Readings: 1070 PPM
PM Readings: 10 PPM
Temperature Readings: 32 C
Humidity Reading: 15 % 

[D.L~N~R]
No GPS Fixed Signal available
C02 Readings: 601 PPM
PM Readings: 10 PPM
Temperature Readings: 32 C
Humidity Reading: 15 % 

[D.L~N~R]
No GPS Fixed Signal available
C02 Readings: 1121 PPM
PM Readings: 10 PPM
Temperature Readings: 32 C
Humidity Reading: 15 % 

[D.L~N~R]
No GPS Fixed Signal available
C02 Readings: 549 PPM
PM Readings: 10 PPM
Temperature Readings: 32 C
Humidity Reading: 15 % 

[D.L~N~R]
No GPS Fixed Signal available
C02 Readings: 1159 PPM
PM Readings: 10 PPM
Temperature Readings: 32 C
Humidity Reading: 15 % 

[D.L~N~R]
No GPS Fixed Signal available
C02 Readings: 551 PPM
PM Readings: 10 PPM
Temperature Readings: 32 C
Humidity Reading: 15 % 

[D.L~N~R]
No GPS Fixed Signal available
C02 Readings: 1173 PPM
PM Readings: 10 PPM
Temperature Readings: 32 C
Humidity Reading: 15 % 

[D.L~N~R]
No GPS Fixed Signal available
C02 Readings: 594 PPM
PM Readings: 10 PPM
Temperature Readings: 32 C
Humidity Reading: 15 % 

[D.L~N~R]
No GPS Fixed Signal available
C02 Readings: 1100 PPM
PM Readings: 10 PPM
Temperature Readings: 32 C
Humidity Reading: 15 % 

[D.L~N~R]
No GPS Fixed Signal available
C02 Readings: 546 PPM
PM Readings: 10 PPM
Temperature Readings: 32 C
Humidity Reading: 15 % 

[D.L~N~R]
No GPS Fixed Signal available
C02 Readings: 1154 PPM
PM Readings: 10 PPM
Temperature Readings: 32 C
Humidity Reading: 15 % 

[D.L~N~R]
No GPS Fixed Signal available
C02 Readings: 552 PPM
PM Readings: 10 PPM
Temperature Readings: 32 C
Humidity Reading: 15 % 

[D.L~N~R]
No GPS Fixed Signal available
C02 Readings: 1174 PPM
PM Readings: 10 PPM
Temperature Readings: 32 C
Humidity Reading: 15 % 

[D.L~N~R]
No GPS Fixed Signal available
C02 Readings: 596 PPM
PM Readings: 10 PPM
Temperature Readings: 32 C
Humidity Reading: 15 % 

[D.L~N~R]
No GPS Fixed Signal available
C02 Readings: 1112 PPM
PM Readings: 10 PPM
Temperature Readings: 32 C
Humidity Reading: 15 % 

[D.L~N~R]
No GPS Fixed Signal available
C02 Readings: 583 PPM
PM Readings: 10 PPM
Temperature Readings: 32 C
Humidity Reading: 15 % 

[D.L~N~R]
No GPS Fixed Signal available
C02 Readings: 1095 PPM
PM Readings: 10 PPM
Temperature Readings: 32 C
Humidity Reading: 15 % 

[D.L~N~R]
No GPS Fixed Signal available
C02 Readings: 523 PPM
PM Readings: 10 PPM
Temperature Readings: 32 C
Humidity Reading: 15 % 

[D.L~N~R]
No GPS Fixed Signal available
C02 Readings: 1148 PPM
PM Readings: 10 PPM
Temperature Readings: 32 C
Humidity Reading: 15 % 

[D.L~N~R]
No GPS Fixed Signal available
C02 Readings: 532 PPM
PM Readings: 10 PPM
Temperature Readings: 32 C
Humidity Reading: 15 % 

[D.L~N~R]
No GPS Fixed Signal available
C02 Readings: 1156 PPM
PM Readings: 10 PPM
Temperature Readings: 32 C
Humidity Reading: 15 % 

[D.L~N~R]
No GPS Fixed Signal available
C02 Readings: 577 PPM
PM Readings: 10 PPM
Temperature Readings: 32 C
Humidity Reading: 15 % 

[D.L~N~R]
No GPS Fixed Signal available
C02 Readings: 1079 PPM
PM Readings: 10 PPM
Temperature Readings: 32 C
Humidity Reading: 15 % 

[D.L~N~R]
No GPS Fixed Signal available
C02 Readings: 635 PPM
PM Readings: 10 PPM
Temperature Readings: 32 C
Humidity Reading: 15 % 

[D.L~N~R]
No GPS Fixed Signal available
C02 Readings: 1136 PPM
PM Readings: 10 PPM
Temperature Readings: 32 C
Humidity Reading: 15 % 

[D.L~N~R]
No GPS Fixed Signal available
C02 Readings: 562 PPM
PM Readings: 10 PPM
Temperature Readings: 32 C
Humidity Reading: 15 % 

[D.L~N~R]
No GPS Fixed Signal available
C02 Readings: 1188 PPM
PM Readings: 10 PPM
Temperature Readings: 32 C
Humidity Reading: 15 % 

[D.L~N~R]
No GPS Fixed Signal available
C02 Readings: 605 PPM
PM Readings: 10 PPM
Temperature Readings: 32 C
Humidity Reading: 15 % 

[D.L~N~R]
No GPS Fixed Signal available
C02 Readings: 1085 PPM
PM Readings: 10 PPM
Temperature Readings: 32 C
Humidity Reading: 15 % 

[D.L~N~R]
No GPS Fixed Signal available
C02 Readings: 519 PPM
PM Readings: 10 PPM
Temperature Readings: 32 C
Humidity Reading: 15 % 

[D.L~N~R]
No GPS Fixed Signal available
C02 Readings: 1125 PPM
PM Readings: 10 PPM
Temperature Readings: 32 C
Humidity Reading: 15 % 

[D.L~N~R]
No GPS Fixed Signal available
C02 Readings: 535 PPM
PM Readings: 10 PPM
Temperature Readings: 32 C
Humidity Reading: 15 % 

[D.L~N~R]
No GPS Fixed Signal available
C02 Readings: 1156 PPM
PM Readings: 10 PPM
Temperature Readings: 32 C
Humidity Reading: 15 % 

[D.L~N~R]
No GPS Fixed Signal available
C02 Readings: 576 PPM
PM Readings: 10 PPM
Temperature Readings: 32 C
Humidity Reading: 15 % 

[D.L~N~R]
No GPS Fixed Signal available
C02 Readings: 1072 PPM
PM Readings: 10 PPM
Temperature Readings: 32 C
Humidity Reading: 15 % 

[D.L~N~R]
No GPS Fixed Signal available
C02 Readings: 604 PPM
PM Readings: 10 PPM
Temperature Readings: 32 C
Humidity Reading: 15 % 

[D.L~N~R]
No GPS Fixed Signal available
C02 Readings: 1090 PPM
PM Readings: 10 PPM
Temperature Readings: 32 C
Humidity Reading: 15 % 

[D.L~N~R]
No GPS Fixed Signal available
C02 Readings: 514 PPM
PM Readings: 10 PPM
Temperature Readings: 32 C
Humidity Reading: 15 % 

[D.L~N~R]
No GPS Fixed Signal available
C02 Readings: 1114 PPM
PM Readings: 10 PPM
Temperature Readings: 32 C
Humidity Reading: 15 % 

[D.L~N~R]
No GPS Fixed Signal available
C02 Readings: 584 PPM
PM Readings: 10 PPM
Temperature Readings: 32 C
Humidity Reading: 15 % 

[D.L~N~R]
No GPS Fixed Signal available
C02 Readings: 1094 PPM
PM Readings: 10 PPM
Temperature Readings: 32 C
Humidity Reading: 15 % 

[D.L~N~R]
No GPS Fixed Signal available
C02 Readings: 542 PPM
PM Readings: 10 PPM
Temperature Readings: 32 C
Humidity Reading: 15 % 

[D.L~N~R]
No GPS Fixed Signal available
C02 Readings: 1132 PPM
PM Readings: 10 PPM
Temperature Readings: 32 C
Humidity Reading: 15 % 

[D.L~N~R]
No GPS Fixed Signal available
C02 Readings: 552 PPM
PM Readings: 10 PPM
Temperature Readings: 32 C
Humidity Reading: 15 % 

[D.L~N~R]
No GPS Fixed Signal available
C02 Readings: 1182 PPM
PM Readings: 10 PPM
Temperature Readings: 32 C
Humidity Reading: 15 % 

[D.L~N~R]
No GPS Fixed Signal available
C02 Readings: 584 PPM
PM Readings: 10 PPM
Temperature Readings: 32 C
Humidity Reading: 15 % 

[D.L~N~R]
No GPS Fixed Signal available
C02 Readings: 1098 PPM
PM Readings: 10 PPM
Temperature Readings: 32 C
Humidity Reading: 15 % 

[D.L~N~R]
No GPS Fixed Signal available
C02 Readings: 543 PPM
PM Readings: 10 PPM
Temperature Readings: 32 C
Humidity Reading: 15 % 

[D.L~N~R]
No GPS Fixed Signal available
C02 Readings: 1141 PPM
PM Readings: 10 PPM
Temperature Readings: 32 C
Humidity Reading: 15 % 

[D.L~N~R]
No GPS Fixed Signal available
C02 Readings: 552 PPM
PM Readings: 10 PPM
Temperature Readings: 32 C
Humidity Reading: 15 % 

[